{"C:\\Users\\PRIMART\\Desktop\\PRIMART-COMPUTERS\\ICT-YEP\\MATERIALS\\backend-weekly-task-1\\src\\ejoh-akpobome\\evenlySpaced.js": {"path":"C:\\Users\\PRIMART\\Desktop\\PRIMART-COMPUTERS\\ICT-YEP\\MATERIALS\\backend-weekly-task-1\\src\\ejoh-akpobome\\evenlySpaced.js","statementMap":{"0":{"start":{"line":6,"column":8},"end":{"line":10,"column":9}},"1":{"start":{"line":7,"column":10},"end":{"line":7,"column":22}},"2":{"start":{"line":9,"column":10},"end":{"line":9,"column":23}},"3":{"start":{"line":15,"column":0},"end":{"line":15,"column":19}},"4":{"start":{"line":16,"column":0},"end":{"line":16,"column":20}},"5":{"start":{"line":18,"column":0},"end":{"line":18,"column":30}}},"fnMap":{"0":{"name":"evenlySpaced","decl":{"start":{"line":2,"column":9},"end":{"line":2,"column":21}},"loc":{"start":{"line":2,"column":43},"end":{"line":13,"column":1}},"line":2},"1":{"name":"evenlySpaced","decl":{"start":{"line":5,"column":14},"end":{"line":5,"column":26}},"loc":{"start":{"line":5,"column":48},"end":{"line":11,"column":7}},"line":5}},"branchMap":{"0":{"loc":{"start":{"line":6,"column":8},"end":{"line":10,"column":9}},"type":"if","locations":[{"start":{"line":6,"column":8},"end":{"line":10,"column":9}},{"start":{"line":6,"column":8},"end":{"line":10,"column":9}}],"line":6},"1":{"loc":{"start":{"line":6,"column":12},"end":{"line":6,"column":53}},"type":"binary-expr","locations":[{"start":{"line":6,"column":12},"end":{"line":6,"column":27}},{"start":{"line":6,"column":32},"end":{"line":6,"column":53}}],"line":6}},"s":{"0":0,"1":0,"2":0,"3":1,"4":1,"5":1},"f":{"0":6,"1":0},"b":{"0":[0,0],"1":[0,0]},"_coverageSchema":"1a1c01bbd47fc00a2c39e90264f33305004495a9","hash":"15068ee27c09cc3513d86bbcf20a3c265d1a7599"}
}
